0 info it worked if it ends with ok
1 verbose cli [ '/usr/bin/nodejs',
1 verbose cli   '/usr/bin/npm',
1 verbose cli   'install',
1 verbose cli   'https://raw.githubusercontent.com/enyo/dropzone/master/dist/dropzone.js',
1 verbose cli   '--save' ]
2 info using npm@2.14.20
3 info using node@v4.4.1
4 verbose install initial load of /var/www/ikea/package.json
5 verbose installManyTop reading scoped package data from /var/www/ikea/node_modules/JSONStream/package.json
6 verbose installManyTop reading scoped package data from /var/www/ikea/node_modules/abbrev/package.json
7 verbose installManyTop reading scoped package data from /var/www/ikea/node_modules/accepts/package.json
8 verbose installManyTop reading scoped package data from /var/www/ikea/node_modules/accord/package.json
9 verbose installManyTop reading scoped package data from /var/www/ikea/node_modules/acorn/package.json
10 verbose installManyTop reading scoped package data from /var/www/ikea/node_modules/after/package.json
11 verbose installManyTop reading scoped package data from /var/www/ikea/node_modules/align-text/package.json
12 verbose installManyTop reading scoped package data from /var/www/ikea/node_modules/almond/package.json
13 verbose installManyTop reading scoped package data from /var/www/ikea/node_modules/amdefine/package.json
14 verbose installManyTop reading scoped package data from /var/www/ikea/node_modules/ansi/package.json
15 verbose installManyTop reading scoped package data from /var/www/ikea/node_modules/ansi-green/package.json
16 verbose installManyTop reading scoped package data from /var/www/ikea/node_modules/ansi-regex/package.json
17 verbose installManyTop reading scoped package data from /var/www/ikea/node_modules/ansi-styles/package.json
18 verbose installManyTop reading scoped package data from /var/www/ikea/node_modules/ansi-wrap/package.json
19 verbose installManyTop reading scoped package data from /var/www/ikea/node_modules/ansicolors/package.json
20 verbose installManyTop reading scoped package data from /var/www/ikea/node_modules/anymatch/package.json
21 verbose installManyTop reading scoped package data from /var/www/ikea/node_modules/archy/package.json
22 verbose installManyTop reading scoped package data from /var/www/ikea/node_modules/are-we-there-yet/package.json
23 verbose installManyTop reading scoped package data from /var/www/ikea/node_modules/arr-diff/package.json
24 verbose installManyTop reading scoped package data from /var/www/ikea/node_modules/arr-flatten/package.json
25 verbose installManyTop reading scoped package data from /var/www/ikea/node_modules/array-differ/package.json
26 verbose installManyTop reading scoped package data from /var/www/ikea/node_modules/array-filter/package.json
27 verbose installManyTop reading scoped package data from /var/www/ikea/node_modules/array-index/package.json
28 verbose installManyTop reading scoped package data from /var/www/ikea/node_modules/array-map/package.json
29 verbose installManyTop reading scoped package data from /var/www/ikea/node_modules/array-reduce/package.json
30 verbose installManyTop reading scoped package data from /var/www/ikea/node_modules/array-union/package.json
31 verbose installManyTop reading scoped package data from /var/www/ikea/node_modules/array-uniq/package.json
32 verbose installManyTop reading scoped package data from /var/www/ikea/node_modules/array-unique/package.json
33 verbose installManyTop reading scoped package data from /var/www/ikea/node_modules/arraybuffer.slice/package.json
34 verbose installManyTop reading scoped package data from /var/www/ikea/node_modules/arrify/package.json
35 verbose installManyTop reading scoped package data from /var/www/ikea/node_modules/asap/package.json
36 verbose installManyTop reading scoped package data from /var/www/ikea/node_modules/asn1/package.json
37 verbose installManyTop reading scoped package data from /var/www/ikea/node_modules/asn1.js/package.json
38 verbose installManyTop reading scoped package data from /var/www/ikea/node_modules/assert/package.json
39 verbose installManyTop reading scoped package data from /var/www/ikea/node_modules/assert-plus/package.json
40 verbose installManyTop reading scoped package data from /var/www/ikea/node_modules/assertion-error/package.json
41 verbose installManyTop reading scoped package data from /var/www/ikea/node_modules/ast-types/package.json
42 verbose installManyTop reading scoped package data from /var/www/ikea/node_modules/astw/package.json
43 verbose installManyTop reading scoped package data from /var/www/ikea/node_modules/async/package.json
44 verbose installManyTop reading scoped package data from /var/www/ikea/node_modules/async-done/package.json
45 verbose installManyTop reading scoped package data from /var/www/ikea/node_modules/async-each/package.json
46 verbose installManyTop reading scoped package data from /var/www/ikea/node_modules/async-each-series/package.json
47 verbose installManyTop reading scoped package data from /var/www/ikea/node_modules/async-foreach/package.json
48 verbose installManyTop reading scoped package data from /var/www/ikea/node_modules/autoprefixer-core/package.json
49 verbose installManyTop reading scoped package data from /var/www/ikea/node_modules/aws-sign2/package.json
50 verbose installManyTop reading scoped package data from /var/www/ikea/node_modules/babel-code-frame/package.json
51 verbose installManyTop reading scoped package data from /var/www/ikea/node_modules/babel-core/package.json
52 verbose installManyTop reading scoped package data from /var/www/ikea/node_modules/babel-generator/package.json
53 verbose installManyTop reading scoped package data from /var/www/ikea/node_modules/babel-helper-builder-react-jsx/package.json
54 verbose installManyTop reading scoped package data from /var/www/ikea/node_modules/babel-helper-call-delegate/package.json
55 verbose installManyTop reading scoped package data from /var/www/ikea/node_modules/babel-helper-define-map/package.json
56 verbose installManyTop reading scoped package data from /var/www/ikea/node_modules/babel-helper-function-name/package.json
57 verbose installManyTop reading scoped package data from /var/www/ikea/node_modules/babel-helper-get-function-arity/package.json
58 verbose installManyTop reading scoped package data from /var/www/ikea/node_modules/babel-helper-hoist-variables/package.json
59 verbose installManyTop reading scoped package data from /var/www/ikea/node_modules/babel-helper-optimise-call-expression/package.json
60 verbose installManyTop reading scoped package data from /var/www/ikea/node_modules/babel-helper-regex/package.json
61 verbose installManyTop reading scoped package data from /var/www/ikea/node_modules/babel-helper-replace-supers/package.json
62 verbose installManyTop reading scoped package data from /var/www/ikea/node_modules/babel-helpers/package.json
63 verbose installManyTop reading scoped package data from /var/www/ikea/node_modules/babel-messages/package.json
64 verbose installManyTop reading scoped package data from /var/www/ikea/node_modules/babel-plugin-check-es2015-constants/package.json
65 verbose installManyTop reading scoped package data from /var/www/ikea/node_modules/babel-plugin-syntax-async-functions/package.json
66 verbose installManyTop reading scoped package data from /var/www/ikea/node_modules/babel-plugin-syntax-flow/package.json
67 verbose installManyTop reading scoped package data from /var/www/ikea/node_modules/babel-plugin-syntax-jsx/package.json
68 verbose installManyTop reading scoped package data from /var/www/ikea/node_modules/babel-plugin-transform-es2015-arrow-functions/package.json
69 verbose installManyTop reading scoped package data from /var/www/ikea/node_modules/babel-plugin-transform-es2015-block-scoped-functions/package.json
70 verbose installManyTop reading scoped package data from /var/www/ikea/node_modules/babel-plugin-transform-es2015-block-scoping/package.json
71 verbose installManyTop reading scoped package data from /var/www/ikea/node_modules/babel-plugin-transform-es2015-classes/package.json
72 verbose installManyTop reading scoped package data from /var/www/ikea/node_modules/babel-plugin-transform-es2015-computed-properties/package.json
73 verbose installManyTop reading scoped package data from /var/www/ikea/node_modules/babel-plugin-transform-es2015-destructuring/package.json
74 verbose installManyTop reading scoped package data from /var/www/ikea/node_modules/babel-plugin-transform-es2015-for-of/package.json
75 verbose installManyTop reading scoped package data from /var/www/ikea/node_modules/babel-plugin-transform-es2015-function-name/package.json
76 verbose installManyTop reading scoped package data from /var/www/ikea/node_modules/babel-plugin-transform-es2015-literals/package.json
77 verbose installManyTop reading scoped package data from /var/www/ikea/node_modules/babel-plugin-transform-es2015-modules-commonjs/package.json
78 verbose installManyTop reading scoped package data from /var/www/ikea/node_modules/babel-plugin-transform-es2015-object-super/package.json
79 verbose installManyTop reading scoped package data from /var/www/ikea/node_modules/babel-plugin-transform-es2015-parameters/package.json
80 verbose installManyTop reading scoped package data from /var/www/ikea/node_modules/babel-plugin-transform-es2015-shorthand-properties/package.json
81 verbose installManyTop reading scoped package data from /var/www/ikea/node_modules/babel-plugin-transform-es2015-spread/package.json
82 verbose installManyTop reading scoped package data from /var/www/ikea/node_modules/babel-plugin-transform-es2015-sticky-regex/package.json
83 verbose installManyTop reading scoped package data from /var/www/ikea/node_modules/babel-plugin-transform-es2015-template-literals/package.json
84 verbose installManyTop reading scoped package data from /var/www/ikea/node_modules/babel-plugin-transform-es2015-typeof-symbol/package.json
85 verbose installManyTop reading scoped package data from /var/www/ikea/node_modules/babel-plugin-transform-es2015-unicode-regex/package.json
86 verbose installManyTop reading scoped package data from /var/www/ikea/node_modules/babel-plugin-transform-flow-strip-types/package.json
87 verbose installManyTop reading scoped package data from /var/www/ikea/node_modules/babel-plugin-transform-react-display-name/package.json
88 verbose installManyTop reading scoped package data from /var/www/ikea/node_modules/babel-plugin-transform-react-jsx/package.json
89 verbose installManyTop reading scoped package data from /var/www/ikea/node_modules/babel-plugin-transform-react-jsx-source/package.json
90 verbose installManyTop reading scoped package data from /var/www/ikea/node_modules/babel-plugin-transform-regenerator/package.json
91 verbose installManyTop reading scoped package data from /var/www/ikea/node_modules/babel-plugin-transform-strict-mode/package.json
92 verbose installManyTop reading scoped package data from /var/www/ikea/node_modules/babel-preset-es2015/package.json
93 verbose installManyTop reading scoped package data from /var/www/ikea/node_modules/babel-preset-react/package.json
94 verbose installManyTop reading scoped package data from /var/www/ikea/node_modules/babel-register/package.json
95 verbose installManyTop reading scoped package data from /var/www/ikea/node_modules/babel-runtime/package.json
96 verbose installManyTop reading scoped package data from /var/www/ikea/node_modules/babel-template/package.json
97 verbose installManyTop reading scoped package data from /var/www/ikea/node_modules/babel-traverse/package.json
98 verbose installManyTop reading scoped package data from /var/www/ikea/node_modules/babel-types/package.json
99 verbose installManyTop reading scoped package data from /var/www/ikea/node_modules/babelify/package.json
100 verbose installManyTop reading scoped package data from /var/www/ikea/node_modules/babylon/package.json
101 verbose installManyTop reading scoped package data from /var/www/ikea/node_modules/backo2/package.json
102 verbose installManyTop reading scoped package data from /var/www/ikea/node_modules/balanced-match/package.json
103 verbose installManyTop reading scoped package data from /var/www/ikea/node_modules/base64-arraybuffer/package.json
104 verbose installManyTop reading scoped package data from /var/www/ikea/node_modules/base64-js/package.json
105 verbose installManyTop reading scoped package data from /var/www/ikea/node_modules/base64id/package.json
106 verbose installManyTop reading scoped package data from /var/www/ikea/node_modules/batch/package.json
107 verbose installManyTop reading scoped package data from /var/www/ikea/node_modules/beeper/package.json
108 verbose installManyTop reading scoped package data from /var/www/ikea/node_modules/benchmark/package.json
109 verbose installManyTop reading scoped package data from /var/www/ikea/node_modules/better-assert/package.json
110 verbose installManyTop reading scoped package data from /var/www/ikea/node_modules/binary-extensions/package.json
111 verbose installManyTop reading scoped package data from /var/www/ikea/node_modules/bl/package.json
112 verbose installManyTop reading scoped package data from /var/www/ikea/node_modules/blob/package.json
113 verbose installManyTop reading scoped package data from /var/www/ikea/node_modules/block-stream/package.json
114 verbose installManyTop reading scoped package data from /var/www/ikea/node_modules/bn.js/package.json
115 verbose installManyTop reading scoped package data from /var/www/ikea/node_modules/boom/package.json
116 verbose installManyTop reading scoped package data from /var/www/ikea/node_modules/bootstrap/package.json
117 verbose installManyTop reading scoped package data from /var/www/ikea/node_modules/bootstrap-datepicker/package.json
118 verbose installManyTop reading scoped package data from /var/www/ikea/node_modules/bootstrap-sass/package.json
119 verbose installManyTop reading scoped package data from /var/www/ikea/node_modules/brace-expansion/package.json
120 verbose installManyTop reading scoped package data from /var/www/ikea/node_modules/braces/package.json
121 verbose installManyTop reading scoped package data from /var/www/ikea/node_modules/brorand/package.json
122 verbose installManyTop reading scoped package data from /var/www/ikea/node_modules/browser-pack/package.json
123 verbose installManyTop reading scoped package data from /var/www/ikea/node_modules/browser-resolve/package.json
124 verbose installManyTop reading scoped package data from /var/www/ikea/node_modules/browser-sync/package.json
125 verbose installManyTop reading scoped package data from /var/www/ikea/node_modules/browser-sync-client/package.json
126 verbose installManyTop reading scoped package data from /var/www/ikea/node_modules/browser-sync-ui/package.json
127 verbose installManyTop reading scoped package data from /var/www/ikea/node_modules/browserify/package.json
128 verbose installManyTop reading scoped package data from /var/www/ikea/node_modules/browserify-aes/package.json
129 verbose installManyTop reading scoped package data from /var/www/ikea/node_modules/browserify-cipher/package.json
130 verbose installManyTop reading scoped package data from /var/www/ikea/node_modules/browserify-des/package.json
131 verbose installManyTop reading scoped package data from /var/www/ikea/node_modules/browserify-rsa/package.json
132 verbose installManyTop reading scoped package data from /var/www/ikea/node_modules/browserify-sign/package.json
133 verbose installManyTop reading scoped package data from /var/www/ikea/node_modules/browserify-zlib/package.json
134 verbose installManyTop reading scoped package data from /var/www/ikea/node_modules/browserslist/package.json
135 verbose installManyTop reading scoped package data from /var/www/ikea/node_modules/bs-recipes/package.json
136 verbose installManyTop reading scoped package data from /var/www/ikea/node_modules/buffer/package.json
137 verbose installManyTop reading scoped package data from /var/www/ikea/node_modules/buffer-xor/package.json
138 verbose installManyTop reading scoped package data from /var/www/ikea/node_modules/bufferstreams/package.json
139 verbose installManyTop reading scoped package data from /var/www/ikea/node_modules/builtin-status-codes/package.json
140 verbose installManyTop reading scoped package data from /var/www/ikea/node_modules/builtins/package.json
141 verbose installManyTop reading scoped package data from /var/www/ikea/node_modules/callsite/package.json
142 verbose installManyTop reading scoped package data from /var/www/ikea/node_modules/camelcase/package.json
143 verbose installManyTop reading scoped package data from /var/www/ikea/node_modules/camelcase-keys/package.json
144 verbose installManyTop reading scoped package data from /var/www/ikea/node_modules/caniuse-db/package.json
145 verbose installManyTop reading scoped package data from /var/www/ikea/node_modules/cardinal/package.json
146 verbose installManyTop reading scoped package data from /var/www/ikea/node_modules/caseless/package.json
147 verbose installManyTop reading scoped package data from /var/www/ikea/node_modules/center-align/package.json
148 verbose installManyTop reading scoped package data from /var/www/ikea/node_modules/chai/package.json
149 verbose installManyTop reading scoped package data from /var/www/ikea/node_modules/chalk/package.json
150 verbose installManyTop reading scoped package data from /var/www/ikea/node_modules/chokidar/package.json
151 verbose installManyTop reading scoped package data from /var/www/ikea/node_modules/cipher-base/package.json
152 verbose installManyTop reading scoped package data from /var/www/ikea/node_modules/clean-css/package.json
153 verbose installManyTop reading scoped package data from /var/www/ikea/node_modules/cli/package.json
154 verbose installManyTop reading scoped package data from /var/www/ikea/node_modules/cli-table/package.json
155 verbose installManyTop reading scoped package data from /var/www/ikea/node_modules/cli-usage/package.json
156 verbose installManyTop reading scoped package data from /var/www/ikea/node_modules/cliui/package.json
157 verbose installManyTop reading scoped package data from /var/www/ikea/node_modules/clone/package.json
158 verbose installManyTop reading scoped package data from /var/www/ikea/node_modules/clone-stats/package.json
159 verbose installManyTop reading scoped package data from /var/www/ikea/node_modules/code-point-at/package.json
160 verbose installManyTop reading scoped package data from /var/www/ikea/node_modules/coffee-script/package.json
161 verbose installManyTop reading scoped package data from /var/www/ikea/node_modules/colors/package.json
162 verbose installManyTop reading scoped package data from /var/www/ikea/node_modules/combine-source-map/package.json
163 verbose installManyTop reading scoped package data from /var/www/ikea/node_modules/combined-stream/package.json
164 verbose installManyTop reading scoped package data from /var/www/ikea/node_modules/commander/package.json
165 verbose installManyTop reading scoped package data from /var/www/ikea/node_modules/commondir/package.json
166 verbose installManyTop reading scoped package data from /var/www/ikea/node_modules/component-bind/package.json
167 verbose installManyTop reading scoped package data from /var/www/ikea/node_modules/component-emitter/package.json
168 verbose installManyTop reading scoped package data from /var/www/ikea/node_modules/component-inherit/package.json
169 verbose installManyTop reading scoped package data from /var/www/ikea/node_modules/concat-map/package.json
170 verbose installManyTop reading scoped package data from /var/www/ikea/node_modules/concat-stream/package.json
171 verbose installManyTop reading scoped package data from /var/www/ikea/node_modules/concat-with-sourcemaps/package.json
172 verbose installManyTop reading scoped package data from /var/www/ikea/node_modules/config-chain/package.json
173 verbose installManyTop reading scoped package data from /var/www/ikea/node_modules/connect/package.json
174 verbose installManyTop reading scoped package data from /var/www/ikea/node_modules/connect-history-api-fallback/package.json
175 verbose installManyTop reading scoped package data from /var/www/ikea/node_modules/console-browserify/package.json
176 verbose installManyTop reading scoped package data from /var/www/ikea/node_modules/constants-browserify/package.json
177 verbose installManyTop reading scoped package data from /var/www/ikea/node_modules/convert-source-map/package.json
178 verbose installManyTop reading scoped package data from /var/www/ikea/node_modules/core-js/package.json
179 verbose installManyTop reading scoped package data from /var/www/ikea/node_modules/core-util-is/package.json
180 verbose installManyTop reading scoped package data from /var/www/ikea/node_modules/create-ecdh/package.json
181 verbose installManyTop reading scoped package data from /var/www/ikea/node_modules/create-hash/package.json
182 verbose installManyTop reading scoped package data from /var/www/ikea/node_modules/create-hmac/package.json
183 verbose installManyTop reading scoped package data from /var/www/ikea/node_modules/cross-spawn/package.json
184 verbose installManyTop reading scoped package data from /var/www/ikea/node_modules/cross-spawn-async/package.json
185 verbose installManyTop reading scoped package data from /var/www/ikea/node_modules/cryptiles/package.json
186 verbose installManyTop reading scoped package data from /var/www/ikea/node_modules/crypto-browserify/package.json
187 verbose installManyTop reading scoped package data from /var/www/ikea/node_modules/ctype/package.json
188 verbose installManyTop reading scoped package data from /var/www/ikea/node_modules/date-now/package.json
189 verbose installManyTop reading scoped package data from /var/www/ikea/node_modules/dateformat/package.json
190 verbose installManyTop reading scoped package data from /var/www/ikea/node_modules/deap/package.json
191 verbose installManyTop reading scoped package data from /var/www/ikea/node_modules/debug/package.json
192 verbose installManyTop reading scoped package data from /var/www/ikea/node_modules/decamelize/package.json
193 verbose installManyTop reading scoped package data from /var/www/ikea/node_modules/deep-eql/package.json
194 verbose installManyTop reading scoped package data from /var/www/ikea/node_modules/defaults/package.json
195 verbose installManyTop reading scoped package data from /var/www/ikea/node_modules/define-properties/package.json
196 verbose installManyTop reading scoped package data from /var/www/ikea/node_modules/defined/package.json
197 verbose installManyTop reading scoped package data from /var/www/ikea/node_modules/del/package.json
198 verbose installManyTop reading scoped package data from /var/www/ikea/node_modules/delayed-stream/package.json
199 verbose installManyTop reading scoped package data from /var/www/ikea/node_modules/delegates/package.json
200 verbose installManyTop reading scoped package data from /var/www/ikea/node_modules/depd/package.json
201 verbose installManyTop reading scoped package data from /var/www/ikea/node_modules/deprecated/package.json
202 verbose installManyTop reading scoped package data from /var/www/ikea/node_modules/deps-sort/package.json
203 verbose installManyTop reading scoped package data from /var/www/ikea/node_modules/des.js/package.json
204 verbose installManyTop reading scoped package data from /var/www/ikea/node_modules/destroy/package.json
205 verbose installManyTop reading scoped package data from /var/www/ikea/node_modules/detect-indent/package.json
206 verbose installManyTop reading scoped package data from /var/www/ikea/node_modules/detective/package.json
207 verbose installManyTop reading scoped package data from /var/www/ikea/node_modules/dev-ip/package.json
208 verbose installManyTop reading scoped package data from /var/www/ikea/node_modules/diffie-hellman/package.json
209 verbose installManyTop reading scoped package data from /var/www/ikea/node_modules/dom-serializer/package.json
210 verbose installManyTop reading scoped package data from /var/www/ikea/node_modules/domain-browser/package.json
211 verbose installManyTop reading scoped package data from /var/www/ikea/node_modules/domelementtype/package.json
212 verbose installManyTop reading scoped package data from /var/www/ikea/node_modules/domhandler/package.json
213 verbose installManyTop reading scoped package data from /var/www/ikea/node_modules/domutils/package.json
214 verbose installManyTop reading scoped package data from /var/www/ikea/node_modules/duplexer/package.json
215 verbose installManyTop reading scoped package data from /var/www/ikea/node_modules/duplexer2/package.json
216 verbose installManyTop reading scoped package data from /var/www/ikea/node_modules/each-async/package.json
217 verbose installManyTop reading scoped package data from /var/www/ikea/node_modules/easy-extender/package.json
218 verbose installManyTop reading scoped package data from /var/www/ikea/node_modules/eazy-logger/package.json
219 verbose installManyTop reading scoped package data from /var/www/ikea/node_modules/ee-first/package.json
220 verbose installManyTop reading scoped package data from /var/www/ikea/node_modules/elliptic/package.json
221 verbose installManyTop reading scoped package data from /var/www/ikea/node_modules/emitter-steward/package.json
222 verbose installManyTop reading scoped package data from /var/www/ikea/node_modules/end-of-stream/package.json
223 verbose installManyTop reading scoped package data from /var/www/ikea/node_modules/ends-with/package.json
224 verbose installManyTop reading scoped package data from /var/www/ikea/node_modules/engine.io/package.json
225 verbose installManyTop reading scoped package data from /var/www/ikea/node_modules/engine.io-client/package.json
226 verbose installManyTop reading scoped package data from /var/www/ikea/node_modules/engine.io-parser/package.json
227 verbose installManyTop reading scoped package data from /var/www/ikea/node_modules/entities/package.json
228 verbose installManyTop reading scoped package data from /var/www/ikea/node_modules/eonasdan-bootstrap-datetimepicker/package.json
229 verbose installManyTop reading scoped package data from /var/www/ikea/node_modules/errno/package.json
230 verbose installManyTop reading scoped package data from /var/www/ikea/node_modules/es-abstract/package.json
231 verbose installManyTop reading scoped package data from /var/www/ikea/node_modules/es-to-primitive/package.json
232 verbose installManyTop reading scoped package data from /var/www/ikea/node_modules/es6-promise/package.json
233 verbose installManyTop reading scoped package data from /var/www/ikea/node_modules/escape-html/package.json
234 verbose installManyTop reading scoped package data from /var/www/ikea/node_modules/escape-string-regexp/package.json
235 verbose installManyTop reading scoped package data from /var/www/ikea/node_modules/esprima/package.json
236 verbose installManyTop reading scoped package data from /var/www/ikea/node_modules/esutils/package.json
237 verbose installManyTop reading scoped package data from /var/www/ikea/node_modules/etag/package.json
238 verbose installManyTop reading scoped package data from /var/www/ikea/node_modules/event-stream/package.json
239 verbose installManyTop reading scoped package data from /var/www/ikea/node_modules/eventemitter3/package.json
240 verbose installManyTop reading scoped package data from /var/www/ikea/node_modules/events/package.json
241 verbose installManyTop reading scoped package data from /var/www/ikea/node_modules/evp_bytestokey/package.json
242 verbose installManyTop reading scoped package data from /var/www/ikea/node_modules/exit/package.json
243 verbose installManyTop reading scoped package data from /var/www/ikea/node_modules/expand-brackets/package.json
244 verbose installManyTop reading scoped package data from /var/www/ikea/node_modules/expand-range/package.json
245 verbose installManyTop reading scoped package data from /var/www/ikea/node_modules/expect/package.json
246 verbose installManyTop reading scoped package data from /var/www/ikea/node_modules/express/package.json
247 verbose installManyTop reading scoped package data from /var/www/ikea/node_modules/extend/package.json
248 verbose installManyTop reading scoped package data from /var/www/ikea/node_modules/extglob/package.json
249 verbose installManyTop reading scoped package data from /var/www/ikea/node_modules/fancy-log/package.json
250 verbose installManyTop reading scoped package data from /var/www/ikea/node_modules/filename-regex/package.json
251 verbose installManyTop reading scoped package data from /var/www/ikea/node_modules/fill-range/package.json
252 verbose installManyTop reading scoped package data from /var/www/ikea/node_modules/finalhandler/package.json
253 verbose installManyTop reading scoped package data from /var/www/ikea/node_modules/find-index/package.json
254 verbose installManyTop reading scoped package data from /var/www/ikea/node_modules/findup-sync/package.json
255 verbose installManyTop reading scoped package data from /var/www/ikea/node_modules/first-chunk-stream/package.json
256 verbose installManyTop reading scoped package data from /var/www/ikea/node_modules/flagged-respawn/package.json
257 verbose installManyTop reading scoped package data from /var/www/ikea/node_modules/fobject/package.json
258 verbose installManyTop reading scoped package data from /var/www/ikea/node_modules/for-in/package.json
259 verbose installManyTop reading scoped package data from /var/www/ikea/node_modules/for-own/package.json
260 verbose installManyTop reading scoped package data from /var/www/ikea/node_modules/foreach/package.json
261 verbose installManyTop reading scoped package data from /var/www/ikea/node_modules/forever-agent/package.json
262 verbose installManyTop reading scoped package data from /var/www/ikea/node_modules/fork-stream/package.json
263 verbose installManyTop reading scoped package data from /var/www/ikea/node_modules/form-data/package.json
264 verbose installManyTop reading scoped package data from /var/www/ikea/node_modules/formidable/package.json
265 verbose installManyTop reading scoped package data from /var/www/ikea/node_modules/foxy/package.json
266 verbose installManyTop reading scoped package data from /var/www/ikea/node_modules/fresh/package.json
267 verbose installManyTop reading scoped package data from /var/www/ikea/node_modules/from/package.json
268 verbose installManyTop reading scoped package data from /var/www/ikea/node_modules/fs-extra/package.json
269 verbose installManyTop reading scoped package data from /var/www/ikea/node_modules/fstream/package.json
270 verbose installManyTop reading scoped package data from /var/www/ikea/node_modules/function-bind/package.json
271 verbose installManyTop reading scoped package data from /var/www/ikea/node_modules/gauge/package.json
272 verbose installManyTop reading scoped package data from /var/www/ikea/node_modules/gaze/package.json
273 verbose installManyTop reading scoped package data from /var/www/ikea/node_modules/generate-function/package.json
274 verbose installManyTop reading scoped package data from /var/www/ikea/node_modules/generate-object-property/package.json
275 verbose installManyTop reading scoped package data from /var/www/ikea/node_modules/get-line-from-pos/package.json
276 verbose installManyTop reading scoped package data from /var/www/ikea/node_modules/get-stdin/package.json
277 verbose installManyTop reading scoped package data from /var/www/ikea/node_modules/glob/package.json
278 verbose installManyTop reading scoped package data from /var/www/ikea/node_modules/glob-base/package.json
279 verbose installManyTop reading scoped package data from /var/www/ikea/node_modules/glob-parent/package.json
280 verbose installManyTop reading scoped package data from /var/www/ikea/node_modules/glob-stream/package.json
281 verbose installManyTop reading scoped package data from /var/www/ikea/node_modules/glob-watcher/package.json
282 verbose installManyTop reading scoped package data from /var/www/ikea/node_modules/glob2base/package.json
283 verbose installManyTop reading scoped package data from /var/www/ikea/node_modules/global/package.json
284 verbose installManyTop reading scoped package data from /var/www/ikea/node_modules/globals/package.json
285 verbose installManyTop reading scoped package data from /var/www/ikea/node_modules/globby/package.json
286 verbose installManyTop reading scoped package data from /var/www/ikea/node_modules/globule/package.json
287 verbose installManyTop reading scoped package data from /var/www/ikea/node_modules/glogg/package.json
288 verbose installManyTop reading scoped package data from /var/www/ikea/node_modules/graceful-fs/package.json
289 verbose installManyTop reading scoped package data from /var/www/ikea/node_modules/graceful-readlink/package.json
290 verbose installManyTop reading scoped package data from /var/www/ikea/node_modules/growly/package.json
291 verbose installManyTop reading scoped package data from /var/www/ikea/node_modules/gulp/package.json
292 verbose installManyTop reading scoped package data from /var/www/ikea/node_modules/gulp-autoprefixer/package.json
293 verbose installManyTop reading scoped package data from /var/www/ikea/node_modules/gulp-babel/package.json
294 verbose installManyTop reading scoped package data from /var/www/ikea/node_modules/gulp-batch/package.json
295 verbose installManyTop reading scoped package data from /var/www/ikea/node_modules/gulp-coffee/package.json
296 verbose installManyTop reading scoped package data from /var/www/ikea/node_modules/gulp-concat/package.json
297 verbose installManyTop reading scoped package data from /var/www/ikea/node_modules/gulp-if/package.json
298 verbose installManyTop reading scoped package data from /var/www/ikea/node_modules/gulp-jshint/package.json
299 verbose installManyTop reading scoped package data from /var/www/ikea/node_modules/gulp-less/package.json
300 verbose installManyTop reading scoped package data from /var/www/ikea/node_modules/gulp-load-plugins/package.json
301 verbose installManyTop reading scoped package data from /var/www/ikea/node_modules/gulp-logger/package.json
302 verbose installManyTop reading scoped package data from /var/www/ikea/node_modules/gulp-match/package.json
303 verbose installManyTop reading scoped package data from /var/www/ikea/node_modules/gulp-minify-css/package.json
304 verbose installManyTop reading scoped package data from /var/www/ikea/node_modules/gulp-notify/package.json
305 verbose installManyTop reading scoped package data from /var/www/ikea/node_modules/gulp-phpspec/package.json
306 verbose installManyTop reading scoped package data from /var/www/ikea/node_modules/gulp-phpunit/package.json
307 verbose installManyTop reading scoped package data from /var/www/ikea/node_modules/gulp-rename/package.json
308 verbose installManyTop reading scoped package data from /var/www/ikea/node_modules/gulp-rev/package.json
309 verbose installManyTop reading scoped package data from /var/www/ikea/node_modules/gulp-rev-replace/package.json
310 verbose installManyTop reading scoped package data from /var/www/ikea/node_modules/gulp-sass/package.json
311 verbose installManyTop reading scoped package data from /var/www/ikea/node_modules/gulp-sourcemaps/package.json
312 verbose installManyTop reading scoped package data from /var/www/ikea/node_modules/gulp-todo/package.json
313 verbose installManyTop reading scoped package data from /var/www/ikea/node_modules/gulp-uglify/package.json
314 verbose installManyTop reading scoped package data from /var/www/ikea/node_modules/gulp-util/package.json
315 verbose installManyTop reading scoped package data from /var/www/ikea/node_modules/gulp-watch/package.json
316 verbose installManyTop reading scoped package data from /var/www/ikea/node_modules/gulplog/package.json
317 verbose installManyTop reading scoped package data from /var/www/ikea/node_modules/har-validator/package.json
318 verbose installManyTop reading scoped package data from /var/www/ikea/node_modules/has/package.json
319 verbose installManyTop reading scoped package data from /var/www/ikea/node_modules/has-ansi/package.json
320 verbose installManyTop reading scoped package data from /var/www/ikea/node_modules/has-binary/package.json
321 verbose installManyTop reading scoped package data from /var/www/ikea/node_modules/has-binary-data/package.json
322 verbose installManyTop reading scoped package data from /var/www/ikea/node_modules/has-cors/package.json
323 verbose installManyTop reading scoped package data from /var/www/ikea/node_modules/has-gulplog/package.json
324 verbose installManyTop reading scoped package data from /var/www/ikea/node_modules/has-unicode/package.json
325 verbose installManyTop reading scoped package data from /var/www/ikea/node_modules/hash.js/package.json
326 verbose installManyTop reading scoped package data from /var/www/ikea/node_modules/hawk/package.json
327 verbose installManyTop reading scoped package data from /var/www/ikea/node_modules/hoek/package.json
328 verbose installManyTop reading scoped package data from /var/www/ikea/node_modules/home-or-tmp/package.json
329 verbose installManyTop reading scoped package data from /var/www/ikea/node_modules/htmlescape/package.json
330 verbose installManyTop reading scoped package data from /var/www/ikea/node_modules/htmlparser2/package.json
331 verbose installManyTop reading scoped package data from /var/www/ikea/node_modules/http-errors/package.json
332 verbose installManyTop reading scoped package data from /var/www/ikea/node_modules/http-proxy/package.json
333 verbose installManyTop reading scoped package data from /var/www/ikea/node_modules/http-signature/package.json
334 verbose installManyTop reading scoped package data from /var/www/ikea/node_modules/https-browserify/package.json
335 verbose installManyTop reading scoped package data from /var/www/ikea/node_modules/ieee754/package.json
336 verbose installManyTop reading scoped package data from /var/www/ikea/node_modules/image-size/package.json
337 verbose installManyTop reading scoped package data from /var/www/ikea/node_modules/immutable/package.json
338 verbose installManyTop reading scoped package data from /var/www/ikea/node_modules/indent-string/package.json
339 verbose installManyTop reading scoped package data from /var/www/ikea/node_modules/indexof/package.json
340 verbose installManyTop reading scoped package data from /var/www/ikea/node_modules/indx/package.json
341 verbose installManyTop reading scoped package data from /var/www/ikea/node_modules/inflight/package.json
342 verbose installManyTop reading scoped package data from /var/www/ikea/node_modules/inherits/package.json
343 verbose installManyTop reading scoped package data from /var/www/ikea/node_modules/ini/package.json
344 verbose installManyTop reading scoped package data from /var/www/ikea/node_modules/inline-source-map/package.json
345 verbose installManyTop reading scoped package data from /var/www/ikea/node_modules/insert-css/package.json
346 verbose installManyTop reading scoped package data from /var/www/ikea/node_modules/insert-module-globals/package.json
347 verbose installManyTop reading scoped package data from /var/www/ikea/node_modules/interpret/package.json
348 verbose installManyTop reading scoped package data from /var/www/ikea/node_modules/invariant/package.json
349 verbose installManyTop reading scoped package data from /var/www/ikea/node_modules/invert-kv/package.json
350 verbose installManyTop reading scoped package data from /var/www/ikea/node_modules/is/package.json
351 verbose installManyTop reading scoped package data from /var/www/ikea/node_modules/is-absolute/package.json
352 verbose installManyTop reading scoped package data from /var/www/ikea/node_modules/is-arrow-function/package.json
353 verbose installManyTop reading scoped package data from /var/www/ikea/node_modules/is-binary-path/package.json
354 verbose installManyTop reading scoped package data from /var/www/ikea/node_modules/is-boolean-object/package.json
355 verbose installManyTop reading scoped package data from /var/www/ikea/node_modules/is-buffer/package.json
356 verbose installManyTop reading scoped package data from /var/www/ikea/node_modules/is-callable/package.json
357 verbose installManyTop reading scoped package data from /var/www/ikea/node_modules/is-date-object/package.json
358 verbose installManyTop reading scoped package data from /var/www/ikea/node_modules/is-dotfile/package.json
359 verbose installManyTop reading scoped package data from /var/www/ikea/node_modules/is-equal/package.json
360 verbose installManyTop reading scoped package data from /var/www/ikea/node_modules/is-equal-shallow/package.json
361 verbose installManyTop reading scoped package data from /var/www/ikea/node_modules/is-extendable/package.json
362 verbose installManyTop reading scoped package data from /var/www/ikea/node_modules/is-extglob/package.json
363 verbose installManyTop reading scoped package data from /var/www/ikea/node_modules/is-finite/package.json
364 verbose installManyTop reading scoped package data from /var/www/ikea/node_modules/is-fullwidth-code-point/package.json
365 verbose installManyTop reading scoped package data from /var/www/ikea/node_modules/is-generator-function/package.json
366 verbose installManyTop reading scoped package data from /var/www/ikea/node_modules/is-glob/package.json
367 verbose installManyTop reading scoped package data from /var/www/ikea/node_modules/is-integer/package.json
368 verbose installManyTop reading scoped package data from /var/www/ikea/node_modules/is-my-json-valid/package.json
369 verbose installManyTop reading scoped package data from /var/www/ikea/node_modules/is-number/package.json
370 verbose installManyTop reading scoped package data from /var/www/ikea/node_modules/is-number-object/package.json
371 verbose installManyTop reading scoped package data from /var/www/ikea/node_modules/is-path-cwd/package.json
372 verbose installManyTop reading scoped package data from /var/www/ikea/node_modules/is-path-in-cwd/package.json
373 verbose installManyTop reading scoped package data from /var/www/ikea/node_modules/is-path-inside/package.json
374 verbose installManyTop reading scoped package data from /var/www/ikea/node_modules/is-plain-obj/package.json
375 verbose installManyTop reading scoped package data from /var/www/ikea/node_modules/is-primitive/package.json
376 verbose installManyTop reading scoped package data from /var/www/ikea/node_modules/is-property/package.json
377 verbose installManyTop reading scoped package data from /var/www/ikea/node_modules/is-regex/package.json
378 verbose installManyTop reading scoped package data from /var/www/ikea/node_modules/is-relative/package.json
379 verbose installManyTop reading scoped package data from /var/www/ikea/node_modules/is-string/package.json
380 verbose installManyTop reading scoped package data from /var/www/ikea/node_modules/is-symbol/package.json
381 verbose installManyTop reading scoped package data from /var/www/ikea/node_modules/is-utf8/package.json
382 verbose installManyTop reading scoped package data from /var/www/ikea/node_modules/isarray/package.json
383 verbose installManyTop reading scoped package data from /var/www/ikea/node_modules/isobject/package.json
384 verbose installManyTop reading scoped package data from /var/www/ikea/node_modules/isstream/package.json
385 verbose installManyTop reading scoped package data from /var/www/ikea/node_modules/jquery/package.json
386 verbose installManyTop reading scoped package data from /var/www/ikea/node_modules/jquery-mousewheel/package.json
387 verbose installManyTop reading scoped package data from /var/www/ikea/node_modules/js-base64/package.json
388 verbose installManyTop reading scoped package data from /var/www/ikea/node_modules/js-tokens/package.json
389 verbose installManyTop reading scoped package data from /var/www/ikea/node_modules/jsesc/package.json
390 verbose installManyTop reading scoped package data from /var/www/ikea/node_modules/jshint/package.json
391 verbose installManyTop reading scoped package data from /var/www/ikea/node_modules/jshint-stylish/package.json
392 verbose installManyTop reading scoped package data from /var/www/ikea/node_modules/json-stable-stringify/package.json
393 verbose installManyTop reading scoped package data from /var/www/ikea/node_modules/json-stringify-safe/package.json
394 verbose installManyTop reading scoped package data from /var/www/ikea/node_modules/json2xml/package.json
395 verbose installManyTop reading scoped package data from /var/www/ikea/node_modules/json3/package.json
396 verbose installManyTop reading scoped package data from /var/www/ikea/node_modules/json5/package.json
397 verbose installManyTop reading scoped package data from /var/www/ikea/node_modules/jsonfile/package.json
398 verbose installManyTop reading scoped package data from /var/www/ikea/node_modules/jsonify/package.json
399 verbose installManyTop reading scoped package data from /var/www/ikea/node_modules/jsonparse/package.json
400 verbose installManyTop reading scoped package data from /var/www/ikea/node_modules/jsonpointer/package.json
401 verbose installManyTop reading scoped package data from /var/www/ikea/node_modules/kind-of/package.json
402 verbose installManyTop reading scoped package data from /var/www/ikea/node_modules/klaw/package.json
403 verbose installManyTop reading scoped package data from /var/www/ikea/node_modules/labeled-stream-splicer/package.json
404 verbose installManyTop reading scoped package data from /var/www/ikea/node_modules/laravel-elixir/package.json
405 verbose installManyTop reading scoped package data from /var/www/ikea/node_modules/lazy-cache/package.json
406 verbose installManyTop reading scoped package data from /var/www/ikea/node_modules/lcid/package.json
407 verbose installManyTop reading scoped package data from /var/www/ikea/node_modules/leasot/package.json
408 verbose installManyTop reading scoped package data from /var/www/ikea/node_modules/left-pad/package.json
409 verbose installManyTop reading scoped package data from /var/www/ikea/node_modules/less/package.json
410 verbose installManyTop reading scoped package data from /var/www/ikea/node_modules/lexical-scope/package.json
411 verbose installManyTop reading scoped package data from /var/www/ikea/node_modules/liftoff/package.json
412 verbose installManyTop reading scoped package data from /var/www/ikea/node_modules/limiter/package.json
413 verbose installManyTop reading scoped package data from /var/www/ikea/node_modules/line-numbers/package.json
414 verbose installManyTop reading scoped package data from /var/www/ikea/node_modules/localtunnel/package.json
415 verbose installManyTop reading scoped package data from /var/www/ikea/node_modules/lodash/package.json
416 verbose installManyTop reading scoped package data from /var/www/ikea/node_modules/lodash._arraycopy/package.json
417 verbose installManyTop reading scoped package data from /var/www/ikea/node_modules/lodash._arrayeach/package.json
418 verbose installManyTop reading scoped package data from /var/www/ikea/node_modules/lodash._arraymap/package.json
419 verbose installManyTop reading scoped package data from /var/www/ikea/node_modules/lodash._baseassign/package.json
420 verbose installManyTop reading scoped package data from /var/www/ikea/node_modules/lodash._baseclone/package.json
421 verbose installManyTop reading scoped package data from /var/www/ikea/node_modules/lodash._basecopy/package.json
422 verbose installManyTop reading scoped package data from /var/www/ikea/node_modules/lodash._basedifference/package.json
423 verbose installManyTop reading scoped package data from /var/www/ikea/node_modules/lodash._baseflatten/package.json
424 verbose installManyTop reading scoped package data from /var/www/ikea/node_modules/lodash._basefor/package.json
425 verbose installManyTop reading scoped package data from /var/www/ikea/node_modules/lodash._baseindexof/package.json
426 verbose installManyTop reading scoped package data from /var/www/ikea/node_modules/lodash._basetostring/package.json
427 verbose installManyTop reading scoped package data from /var/www/ikea/node_modules/lodash._basevalues/package.json
428 verbose installManyTop reading scoped package data from /var/www/ikea/node_modules/lodash._bindcallback/package.json
429 verbose installManyTop reading scoped package data from /var/www/ikea/node_modules/lodash._cacheindexof/package.json
430 verbose installManyTop reading scoped package data from /var/www/ikea/node_modules/lodash._createassigner/package.json
431 verbose installManyTop reading scoped package data from /var/www/ikea/node_modules/lodash._createcache/package.json
432 verbose installManyTop reading scoped package data from /var/www/ikea/node_modules/lodash._createpadding/package.json
433 verbose installManyTop reading scoped package data from /var/www/ikea/node_modules/lodash._escapehtmlchar/package.json
434 verbose installManyTop reading scoped package data from /var/www/ikea/node_modules/lodash._escapestringchar/package.json
435 verbose installManyTop reading scoped package data from /var/www/ikea/node_modules/lodash._getnative/package.json
436 verbose installManyTop reading scoped package data from /var/www/ikea/node_modules/lodash._htmlescapes/package.json
437 verbose installManyTop reading scoped package data from /var/www/ikea/node_modules/lodash._isiterateecall/package.json
438 verbose installManyTop reading scoped package data from /var/www/ikea/node_modules/lodash._isnative/package.json
439 verbose installManyTop reading scoped package data from /var/www/ikea/node_modules/lodash._objecttypes/package.json
440 verbose installManyTop reading scoped package data from /var/www/ikea/node_modules/lodash._pickbyarray/package.json
441 verbose installManyTop reading scoped package data from /var/www/ikea/node_modules/lodash._pickbycallback/package.json
442 verbose installManyTop reading scoped package data from /var/www/ikea/node_modules/lodash._reescape/package.json
443 verbose installManyTop reading scoped package data from /var/www/ikea/node_modules/lodash._reevaluate/package.json
444 verbose installManyTop reading scoped package data from /var/www/ikea/node_modules/lodash._reinterpolate/package.json
445 verbose installManyTop reading scoped package data from /var/www/ikea/node_modules/lodash._reunescapedhtml/package.json
446 verbose installManyTop reading scoped package data from /var/www/ikea/node_modules/lodash._shimkeys/package.json
447 verbose installManyTop reading scoped package data from /var/www/ikea/node_modules/lodash.assign/package.json
448 verbose installManyTop reading scoped package data from /var/www/ikea/node_modules/lodash.clonedeep/package.json
449 verbose installManyTop reading scoped package data from /var/www/ikea/node_modules/lodash.compact/package.json
450 verbose installManyTop reading scoped package data from /var/www/ikea/node_modules/lodash.defaults/package.json
451 verbose installManyTop reading scoped package data from /var/www/ikea/node_modules/lodash.escape/package.json
452 verbose installManyTop reading scoped package data from /var/www/ikea/node_modules/lodash.isarguments/package.json
453 verbose installManyTop reading scoped package data from /var/www/ikea/node_modules/lodash.isarray/package.json
454 verbose installManyTop reading scoped package data from /var/www/ikea/node_modules/lodash.isobject/package.json
455 verbose installManyTop reading scoped package data from /var/www/ikea/node_modules/lodash.isplainobject/package.json
456 verbose installManyTop reading scoped package data from /var/www/ikea/node_modules/lodash.istypedarray/package.json
457 verbose installManyTop reading scoped package data from /var/www/ikea/node_modules/lodash.keys/package.json
458 verbose installManyTop reading scoped package data from /var/www/ikea/node_modules/lodash.keysin/package.json
459 verbose installManyTop reading scoped package data from /var/www/ikea/node_modules/lodash.memoize/package.json
460 verbose installManyTop reading scoped package data from /var/www/ikea/node_modules/lodash.merge/package.json
461 verbose installManyTop reading scoped package data from /var/www/ikea/node_modules/lodash.omit/package.json
462 verbose installManyTop reading scoped package data from /var/www/ikea/node_modules/lodash.pad/package.json
463 verbose installManyTop reading scoped package data from /var/www/ikea/node_modules/lodash.padleft/package.json
464 verbose installManyTop reading scoped package data from /var/www/ikea/node_modules/lodash.padright/package.json
465 verbose installManyTop reading scoped package data from /var/www/ikea/node_modules/lodash.repeat/package.json
466 verbose installManyTop reading scoped package data from /var/www/ikea/node_modules/lodash.restparam/package.json
467 verbose installManyTop reading scoped package data from /var/www/ikea/node_modules/lodash.template/package.json
468 verbose installManyTop reading scoped package data from /var/www/ikea/node_modules/lodash.templatesettings/package.json
469 verbose installManyTop reading scoped package data from /var/www/ikea/node_modules/lodash.toplainobject/package.json
470 verbose installManyTop reading scoped package data from /var/www/ikea/node_modules/lodash.values/package.json
471 verbose installManyTop reading scoped package data from /var/www/ikea/node_modules/log-symbols/package.json
472 verbose installManyTop reading scoped package data from /var/www/ikea/node_modules/longest/package.json
473 verbose installManyTop reading scoped package data from /var/www/ikea/node_modules/loose-envify/package.json
474 verbose installManyTop reading scoped package data from /var/www/ikea/node_modules/lru-cache/package.json
475 verbose installManyTop reading scoped package data from /var/www/ikea/node_modules/map-async/package.json
476 verbose installManyTop reading scoped package data from /var/www/ikea/node_modules/map-obj/package.json
477 verbose installManyTop reading scoped package data from /var/www/ikea/node_modules/map-stream/package.json
478 verbose installManyTop reading scoped package data from /var/www/ikea/node_modules/marked/package.json
479 verbose installManyTop reading scoped package data from /var/www/ikea/node_modules/marked-terminal/package.json
480 verbose installManyTop reading scoped package data from /var/www/ikea/node_modules/meow/package.json
481 verbose installManyTop reading scoped package data from /var/www/ikea/node_modules/merge/package.json
482 verbose installManyTop reading scoped package data from /var/www/ikea/node_modules/merge-stream/package.json
483 verbose installManyTop reading scoped package data from /var/www/ikea/node_modules/micromatch/package.json
484 verbose installManyTop reading scoped package data from /var/www/ikea/node_modules/miller-rabin/package.json
485 verbose installManyTop reading scoped package data from /var/www/ikea/node_modules/mime/package.json
486 verbose installManyTop reading scoped package data from /var/www/ikea/node_modules/mime-db/package.json
487 verbose installManyTop reading scoped package data from /var/www/ikea/node_modules/mime-types/package.json
488 verbose installManyTop reading scoped package data from /var/www/ikea/node_modules/minimalistic-assert/package.json
489 verbose installManyTop reading scoped package data from /var/www/ikea/node_modules/minimatch/package.json
490 verbose installManyTop reading scoped package data from /var/www/ikea/node_modules/minimist/package.json
491 verbose installManyTop reading scoped package data from /var/www/ikea/node_modules/mkdirp/package.json
492 verbose installManyTop reading scoped package data from /var/www/ikea/node_modules/modify-filename/package.json
493 verbose installManyTop reading scoped package data from /var/www/ikea/node_modules/module-deps/package.json
494 verbose installManyTop reading scoped package data from /var/www/ikea/node_modules/moment/package.json
495 verbose installManyTop reading scoped package data from /var/www/ikea/node_modules/ms/package.json
496 verbose installManyTop reading scoped package data from /var/www/ikea/node_modules/multimatch/package.json
497 verbose installManyTop reading scoped package data from /var/www/ikea/node_modules/multipipe/package.json
498 verbose installManyTop reading scoped package data from /var/www/ikea/node_modules/nan/package.json
499 verbose installManyTop reading scoped package data from /var/www/ikea/node_modules/negotiator/package.json
500 verbose installManyTop reading scoped package data from /var/www/ikea/node_modules/next-tick/package.json
501 verbose installManyTop reading scoped package data from /var/www/ikea/node_modules/node-emoji/package.json
502 verbose installManyTop reading scoped package data from /var/www/ikea/node_modules/node-gyp/package.json
503 verbose installManyTop reading scoped package data from /var/www/ikea/node_modules/node-notifier/package.json
504 verbose installManyTop reading scoped package data from /var/www/ikea/node_modules/node-sass/package.json
505 verbose installManyTop reading scoped package data from /var/www/ikea/node_modules/node-uuid/package.json
506 verbose installManyTop reading scoped package data from /var/www/ikea/node_modules/node.extend/package.json
507 verbose installManyTop reading scoped package data from /var/www/ikea/node_modules/nopt/package.json
508 verbose installManyTop reading scoped package data from /var/www/ikea/node_modules/normalize-path/package.json
509 verbose installManyTop reading scoped package data from /var/www/ikea/node_modules/npmconf/package.json
510 verbose installManyTop reading scoped package data from /var/www/ikea/node_modules/npmlog/package.json
511 verbose installManyTop reading scoped package data from /var/www/ikea/node_modules/num2fraction/package.json
512 verbose installManyTop reading scoped package data from /var/www/ikea/node_modules/number-is-nan/package.json
513 verbose installManyTop reading scoped package data from /var/www/ikea/node_modules/oauth-sign/package.json
514 verbose installManyTop reading scoped package data from /var/www/ikea/node_modules/object-assign/package.json
515 verbose installManyTop reading scoped package data from /var/www/ikea/node_modules/object-component/package.json
516 verbose installManyTop reading scoped package data from /var/www/ikea/node_modules/object-inspect/package.json
517 verbose installManyTop reading scoped package data from /var/www/ikea/node_modules/object-keys/package.json
518 verbose installManyTop reading scoped package data from /var/www/ikea/node_modules/object-path/package.json
519 verbose installManyTop reading scoped package data from /var/www/ikea/node_modules/object.entries/package.json
520 verbose installManyTop reading scoped package data from /var/www/ikea/node_modules/object.omit/package.json
521 verbose installManyTop reading scoped package data from /var/www/ikea/node_modules/on-finished/package.json
522 verbose installManyTop reading scoped package data from /var/www/ikea/node_modules/once/package.json
523 verbose installManyTop reading scoped package data from /var/www/ikea/node_modules/onetime/package.json
524 verbose installManyTop reading scoped package data from /var/www/ikea/node_modules/openurl/package.json
525 verbose installManyTop reading scoped package data from /var/www/ikea/node_modules/opn/package.json
526 verbose installManyTop reading scoped package data from /var/www/ikea/node_modules/opt-merger/package.json
527 verbose installManyTop reading scoped package data from /var/www/ikea/node_modules/options/package.json
528 verbose installManyTop reading scoped package data from /var/www/ikea/node_modules/orchestrator/package.json
529 verbose installManyTop reading scoped package data from /var/www/ikea/node_modules/ordered-read-streams/package.json
530 verbose installManyTop reading scoped package data from /var/www/ikea/node_modules/os-browserify/package.json
531 verbose installManyTop reading scoped package data from /var/www/ikea/node_modules/os-homedir/package.json
532 verbose installManyTop reading scoped package data from /var/www/ikea/node_modules/os-locale/package.json
533 verbose installManyTop reading scoped package data from /var/www/ikea/node_modules/os-shim/package.json
534 verbose installManyTop reading scoped package data from /var/www/ikea/node_modules/os-tmpdir/package.json
535 verbose installManyTop reading scoped package data from /var/www/ikea/node_modules/osenv/package.json
536 verbose installManyTop reading scoped package data from /var/www/ikea/node_modules/outpipe/package.json
537 verbose installManyTop reading scoped package data from /var/www/ikea/node_modules/pako/package.json
538 verbose installManyTop reading scoped package data from /var/www/ikea/node_modules/parents/package.json
539 verbose installManyTop reading scoped package data from /var/www/ikea/node_modules/parse-asn1/package.json
540 verbose installManyTop reading scoped package data from /var/www/ikea/node_modules/parse-filepath/package.json
541 verbose installManyTop reading scoped package data from /var/www/ikea/node_modules/parse-glob/package.json
542 verbose installManyTop reading scoped package data from /var/www/ikea/node_modules/parsejson/package.json
543 verbose installManyTop reading scoped package data from /var/www/ikea/node_modules/parseqs/package.json
544 verbose installManyTop reading scoped package data from /var/www/ikea/node_modules/parseuri/package.json
545 verbose installManyTop reading scoped package data from /var/www/ikea/node_modules/parseurl/package.json
546 verbose installManyTop reading scoped package data from /var/www/ikea/node_modules/partialify/package.json
547 verbose installManyTop reading scoped package data from /var/www/ikea/node_modules/path/package.json
548 verbose installManyTop reading scoped package data from /var/www/ikea/node_modules/path-array/package.json
549 verbose installManyTop reading scoped package data from /var/www/ikea/node_modules/path-browserify/package.json
550 verbose installManyTop reading scoped package data from /var/www/ikea/node_modules/path-ends-with/package.json
551 verbose installManyTop reading scoped package data from /var/www/ikea/node_modules/path-exists/package.json
552 verbose installManyTop reading scoped package data from /var/www/ikea/node_modules/path-is-absolute/package.json
553 verbose installManyTop reading scoped package data from /var/www/ikea/node_modules/path-is-inside/package.json
554 verbose installManyTop reading scoped package data from /var/www/ikea/node_modules/path-platform/package.json
555 verbose installManyTop reading scoped package data from /var/www/ikea/node_modules/pause-stream/package.json
556 verbose installManyTop reading scoped package data from /var/www/ikea/node_modules/pbkdf2/package.json
557 verbose installManyTop reading scoped package data from /var/www/ikea/node_modules/pinkie/package.json
558 verbose installManyTop reading scoped package data from /var/www/ikea/node_modules/pinkie-promise/package.json
559 verbose installManyTop reading scoped package data from /var/www/ikea/node_modules/portscanner/package.json
560 verbose installManyTop reading scoped package data from /var/www/ikea/node_modules/postcss/package.json
561 verbose installManyTop reading scoped package data from /var/www/ikea/node_modules/preserve/package.json
562 verbose installManyTop reading scoped package data from /var/www/ikea/node_modules/pretty-hrtime/package.json
563 verbose installManyTop reading scoped package data from /var/www/ikea/node_modules/private/package.json
564 verbose installManyTop reading scoped package data from /var/www/ikea/node_modules/process/package.json
565 verbose installManyTop reading scoped package data from /var/www/ikea/node_modules/process-nextick-args/package.json
566 verbose installManyTop reading scoped package data from /var/www/ikea/node_modules/promise/package.json
567 verbose installManyTop reading scoped package data from /var/www/ikea/node_modules/proto-list/package.json
568 verbose installManyTop reading scoped package data from /var/www/ikea/node_modules/prr/package.json
569 verbose installManyTop reading scoped package data from /var/www/ikea/node_modules/pseudomap/package.json
570 verbose installManyTop reading scoped package data from /var/www/ikea/node_modules/public-encrypt/package.json
571 verbose installManyTop reading scoped package data from /var/www/ikea/node_modules/punycode/package.json
572 verbose installManyTop reading scoped package data from /var/www/ikea/node_modules/qs/package.json
573 verbose installManyTop reading scoped package data from /var/www/ikea/node_modules/query-string/package.json
574 verbose installManyTop reading scoped package data from /var/www/ikea/node_modules/querystring/package.json
575 verbose installManyTop reading scoped package data from /var/www/ikea/node_modules/querystring-es3/package.json
576 verbose installManyTop reading scoped package data from /var/www/ikea/node_modules/randomatic/package.json
577 verbose installManyTop reading scoped package data from /var/www/ikea/node_modules/randombytes/package.json
578 verbose installManyTop reading scoped package data from /var/www/ikea/node_modules/range-parser/package.json
579 verbose installManyTop reading scoped package data from /var/www/ikea/node_modules/rcfinder/package.json
580 verbose installManyTop reading scoped package data from /var/www/ikea/node_modules/rcloader/package.json
581 verbose installManyTop reading scoped package data from /var/www/ikea/node_modules/read-only-stream/package.json
582 verbose installManyTop reading scoped package data from /var/www/ikea/node_modules/readable-stream/package.json
583 verbose installManyTop reading scoped package data from /var/www/ikea/node_modules/readable-wrap/package.json
584 verbose installManyTop reading scoped package data from /var/www/ikea/node_modules/readdirp/package.json
585 verbose installManyTop reading scoped package data from /var/www/ikea/node_modules/recast/package.json
586 verbose installManyTop reading scoped package data from /var/www/ikea/node_modules/rechoir/package.json
587 verbose installManyTop reading scoped package data from /var/www/ikea/node_modules/redeyed/package.json
588 verbose installManyTop reading scoped package data from /var/www/ikea/node_modules/regenerate/package.json
589 verbose installManyTop reading scoped package data from /var/www/ikea/node_modules/regex-cache/package.json
590 verbose installManyTop reading scoped package data from /var/www/ikea/node_modules/regexpu/package.json
591 verbose installManyTop reading scoped package data from /var/www/ikea/node_modules/regjsgen/package.json
592 verbose installManyTop reading scoped package data from /var/www/ikea/node_modules/regjsparser/package.json
593 verbose installManyTop reading scoped package data from /var/www/ikea/node_modules/rename/package.json
594 verbose installManyTop reading scoped package data from /var/www/ikea/node_modules/repeat-element/package.json
595 verbose installManyTop reading scoped package data from /var/www/ikea/node_modules/repeat-string/package.json
596 verbose installManyTop reading scoped package data from /var/www/ikea/node_modules/repeating/package.json
597 verbose installManyTop reading scoped package data from /var/www/ikea/node_modules/replace-ext/package.json
598 verbose installManyTop reading scoped package data from /var/www/ikea/node_modules/request/package.json
599 verbose installManyTop reading scoped package data from /var/www/ikea/node_modules/require-dir/package.json
600 verbose installManyTop reading scoped package data from /var/www/ikea/node_modules/requires-port/package.json
601 verbose installManyTop reading scoped package data from /var/www/ikea/node_modules/resolve/package.json
602 verbose installManyTop reading scoped package data from /var/www/ikea/node_modules/resp-modifier/package.json
603 verbose installManyTop reading scoped package data from /var/www/ikea/node_modules/rev-hash/package.json
604 verbose installManyTop reading scoped package data from /var/www/ikea/node_modules/rev-path/package.json
605 verbose installManyTop reading scoped package data from /var/www/ikea/node_modules/right-align/package.json
606 verbose installManyTop reading scoped package data from /var/www/ikea/node_modules/rimraf/package.json
607 verbose installManyTop reading scoped package data from /var/www/ikea/node_modules/ripemd160/package.json
608 verbose installManyTop reading scoped package data from /var/www/ikea/node_modules/run-sequence/package.json
609 verbose installManyTop reading scoped package data from /var/www/ikea/node_modules/sass-graph/package.json
610 verbose installManyTop reading scoped package data from /var/www/ikea/node_modules/select2/package.json
611 verbose installManyTop reading scoped package data from /var/www/ikea/node_modules/semver/package.json
612 verbose installManyTop reading scoped package data from /var/www/ikea/node_modules/send/package.json
613 verbose installManyTop reading scoped package data from /var/www/ikea/node_modules/sequencify/package.json
614 verbose installManyTop reading scoped package data from /var/www/ikea/node_modules/serve-index/package.json
615 verbose installManyTop reading scoped package data from /var/www/ikea/node_modules/serve-static/package.json
616 verbose installManyTop reading scoped package data from /var/www/ikea/node_modules/set-immediate-shim/package.json
617 verbose installManyTop reading scoped package data from /var/www/ikea/node_modules/sha.js/package.json
618 verbose installManyTop reading scoped package data from /var/www/ikea/node_modules/shasum/package.json
619 verbose installManyTop reading scoped package data from /var/www/ikea/node_modules/shebang-regex/package.json
620 verbose installManyTop reading scoped package data from /var/www/ikea/node_modules/shell-quote/package.json
621 verbose installManyTop reading scoped package data from /var/www/ikea/node_modules/shelljs/package.json
622 verbose installManyTop reading scoped package data from /var/www/ikea/node_modules/shellwords/package.json
623 verbose installManyTop reading scoped package data from /var/www/ikea/node_modules/sigmund/package.json
624 verbose installManyTop reading scoped package data from /var/www/ikea/node_modules/slash/package.json
625 verbose installManyTop reading scoped package data from /var/www/ikea/node_modules/sntp/package.json
626 verbose installManyTop reading scoped package data from /var/www/ikea/node_modules/socket.io/package.json
627 verbose installManyTop reading scoped package data from /var/www/ikea/node_modules/socket.io-adapter/package.json
628 verbose installManyTop reading scoped package data from /var/www/ikea/node_modules/socket.io-client/package.json
629 verbose installManyTop reading scoped package data from /var/www/ikea/node_modules/socket.io-parser/package.json
630 verbose installManyTop reading scoped package data from /var/www/ikea/node_modules/sort-keys/package.json
631 verbose installManyTop reading scoped package data from /var/www/ikea/node_modules/source-map/package.json
632 verbose installManyTop reading scoped package data from /var/www/ikea/node_modules/source-map-support/package.json
633 verbose installManyTop reading scoped package data from /var/www/ikea/node_modules/sparkles/package.json
634 verbose installManyTop reading scoped package data from /var/www/ikea/node_modules/spawn-sync/package.json
635 verbose installManyTop reading scoped package data from /var/www/ikea/node_modules/split/package.json
636 verbose installManyTop reading scoped package data from /var/www/ikea/node_modules/statuses/package.json
637 verbose installManyTop reading scoped package data from /var/www/ikea/node_modules/stream-array/package.json
638 verbose installManyTop reading scoped package data from /var/www/ikea/node_modules/stream-browserify/package.json
639 verbose installManyTop reading scoped package data from /var/www/ikea/node_modules/stream-combiner/package.json
640 verbose installManyTop reading scoped package data from /var/www/ikea/node_modules/stream-combiner2/package.json
641 verbose installManyTop reading scoped package data from /var/www/ikea/node_modules/stream-consume/package.json
642 verbose installManyTop reading scoped package data from /var/www/ikea/node_modules/stream-exhaust/package.json
643 verbose installManyTop reading scoped package data from /var/www/ikea/node_modules/stream-http/package.json
644 verbose installManyTop reading scoped package data from /var/www/ikea/node_modules/stream-splicer/package.json
645 verbose installManyTop reading scoped package data from /var/www/ikea/node_modules/stream-throttle/package.json
646 verbose installManyTop reading scoped package data from /var/www/ikea/node_modules/strict-uri-encode/package.json
647 verbose installManyTop reading scoped package data from /var/www/ikea/node_modules/string-length/package.json
648 verbose installManyTop reading scoped package data from /var/www/ikea/node_modules/string-to-js/package.json
649 verbose installManyTop reading scoped package data from /var/www/ikea/node_modules/string-width/package.json
650 verbose installManyTop reading scoped package data from /var/www/ikea/node_modules/string_decoder/package.json
651 verbose installManyTop reading scoped package data from /var/www/ikea/node_modules/stringstream/package.json
652 verbose installManyTop reading scoped package data from /var/www/ikea/node_modules/strip-ansi/package.json
653 verbose installManyTop reading scoped package data from /var/www/ikea/node_modules/strip-bom/package.json
654 verbose installManyTop reading scoped package data from /var/www/ikea/node_modules/strip-bom-stream/package.json
655 verbose installManyTop reading scoped package data from /var/www/ikea/node_modules/strip-json-comments/package.json
656 verbose installManyTop reading scoped package data from /var/www/ikea/node_modules/subarg/package.json
657 verbose installManyTop reading scoped package data from /var/www/ikea/node_modules/success-symbol/package.json
658 verbose installManyTop reading scoped package data from /var/www/ikea/node_modules/supports-color/package.json
659 verbose installManyTop reading scoped package data from /var/www/ikea/node_modules/syntax-error/package.json
660 verbose installManyTop reading scoped package data from /var/www/ikea/node_modules/tar/package.json
661 verbose installManyTop reading scoped package data from /var/www/ikea/node_modules/ternary-stream/package.json
662 verbose installManyTop reading scoped package data from /var/www/ikea/node_modules/text-table/package.json
663 verbose installManyTop reading scoped package data from /var/www/ikea/node_modules/tfunk/package.json
664 verbose installManyTop reading scoped package data from /var/www/ikea/node_modules/through/package.json
665 verbose installManyTop reading scoped package data from /var/www/ikea/node_modules/through2/package.json
666 verbose installManyTop reading scoped package data from /var/www/ikea/node_modules/tildify/package.json
667 verbose installManyTop reading scoped package data from /var/www/ikea/node_modules/timers-browserify/package.json
668 verbose installManyTop reading scoped package data from /var/www/ikea/node_modules/to-array/package.json
669 verbose installManyTop reading scoped package data from /var/www/ikea/node_modules/to-fast-properties/package.json
670 verbose installManyTop reading scoped package data from /var/www/ikea/node_modules/tooltipster/package.json
671 verbose installManyTop reading scoped package data from /var/www/ikea/node_modules/tough-cookie/package.json
672 verbose installManyTop reading scoped package data from /var/www/ikea/node_modules/trim-right/package.json
673 verbose installManyTop reading scoped package data from /var/www/ikea/node_modules/tty-browserify/package.json
674 verbose installManyTop reading scoped package data from /var/www/ikea/node_modules/tunnel-agent/package.json
675 verbose installManyTop reading scoped package data from /var/www/ikea/node_modules/type-detect/package.json
676 verbose installManyTop reading scoped package data from /var/www/ikea/node_modules/typedarray/package.json
677 verbose installManyTop reading scoped package data from /var/www/ikea/node_modules/ua-parser-js/package.json
678 verbose installManyTop reading scoped package data from /var/www/ikea/node_modules/ucfirst/package.json
679 verbose installManyTop reading scoped package data from /var/www/ikea/node_modules/uglify-js/package.json
680 verbose installManyTop reading scoped package data from /var/www/ikea/node_modules/uglify-save-license/package.json
681 verbose installManyTop reading scoped package data from /var/www/ikea/node_modules/uglify-to-browserify/package.json
682 verbose installManyTop reading scoped package data from /var/www/ikea/node_modules/uid-number/package.json
683 verbose installManyTop reading scoped package data from /var/www/ikea/node_modules/ultron/package.json
684 verbose installManyTop reading scoped package data from /var/www/ikea/node_modules/umd/package.json
685 verbose installManyTop reading scoped package data from /var/www/ikea/node_modules/underscore/package.json
686 verbose installManyTop reading scoped package data from /var/www/ikea/node_modules/underscore-deep-extend/package.json
687 verbose installManyTop reading scoped package data from /var/www/ikea/node_modules/unique-stream/package.json
688 verbose installManyTop reading scoped package data from /var/www/ikea/node_modules/unpipe/package.json
689 verbose installManyTop reading scoped package data from /var/www/ikea/node_modules/url/package.json
690 verbose installManyTop reading scoped package data from /var/www/ikea/node_modules/user-home/package.json
691 verbose installManyTop reading scoped package data from /var/www/ikea/node_modules/utf8/package.json
692 verbose installManyTop reading scoped package data from /var/www/ikea/node_modules/util/package.json
693 verbose installManyTop reading scoped package data from /var/www/ikea/node_modules/util-deprecate/package.json
694 verbose installManyTop reading scoped package data from /var/www/ikea/node_modules/utils-merge/package.json
695 verbose installManyTop reading scoped package data from /var/www/ikea/node_modules/v8flags/package.json
696 verbose installManyTop reading scoped package data from /var/www/ikea/node_modules/vinyl/package.json
697 verbose installManyTop reading scoped package data from /var/www/ikea/node_modules/vinyl-buffer/package.json
698 verbose installManyTop reading scoped package data from /var/www/ikea/node_modules/vinyl-bufferstream/package.json
699 verbose installManyTop reading scoped package data from /var/www/ikea/node_modules/vinyl-file/package.json
700 verbose installManyTop reading scoped package data from /var/www/ikea/node_modules/vinyl-fs/package.json
701 verbose installManyTop reading scoped package data from /var/www/ikea/node_modules/vinyl-paths/package.json
702 verbose installManyTop reading scoped package data from /var/www/ikea/node_modules/vinyl-source-stream/package.json
703 verbose installManyTop reading scoped package data from /var/www/ikea/node_modules/vinyl-sourcemaps-apply/package.json
704 verbose installManyTop reading scoped package data from /var/www/ikea/node_modules/vm-browserify/package.json
705 verbose installManyTop reading scoped package data from /var/www/ikea/node_modules/watchify/package.json
706 verbose installManyTop reading scoped package data from /var/www/ikea/node_modules/weinre/package.json
707 verbose installManyTop reading scoped package data from /var/www/ikea/node_modules/when/package.json
708 verbose installManyTop reading scoped package data from /var/www/ikea/node_modules/which/package.json
709 verbose installManyTop reading scoped package data from /var/www/ikea/node_modules/window-size/package.json
710 verbose installManyTop reading scoped package data from /var/www/ikea/node_modules/wordwrap/package.json
711 verbose installManyTop reading scoped package data from /var/www/ikea/node_modules/wrap-ansi/package.json
712 verbose installManyTop reading scoped package data from /var/www/ikea/node_modules/wrappy/package.json
713 verbose installManyTop reading scoped package data from /var/www/ikea/node_modules/ws/package.json
714 verbose installManyTop reading scoped package data from /var/www/ikea/node_modules/xmlhttprequest/package.json
715 verbose installManyTop reading scoped package data from /var/www/ikea/node_modules/xtend/package.json
716 verbose installManyTop reading scoped package data from /var/www/ikea/node_modules/y18n/package.json
717 verbose installManyTop reading scoped package data from /var/www/ikea/node_modules/yargs/package.json
718 info package.json async-foreach@0.1.3 No license field.
719 info package.json browser-resolve@1.11.0 No README data
720 info package.json dom-serializer@0.1.0 No README data
721 info package.json duplexer@0.1.1 No license field.
722 info package.json exit@0.1.2 No license field.
723 info package.json fork-stream@0.0.4 license should be a valid SPDX license expression
724 info package.json globule@0.1.0 No license field.
725 info package.json is-utf8@0.2.0 license should be a valid SPDX license expression
726 info package.json map-async@0.1.1 No license field.
727 info package.json object-component@0.0.3 No repository field.
728 info package.json object-component@0.0.3 No license field.
729 info package.json parsejson@0.0.1 No repository field.
730 info package.json parsejson@0.0.1 No README data
731 info package.json parseqs@0.0.2 No repository field.
732 info package.json parseqs@0.0.2 No README data
733 info package.json parseuri@0.0.2 No repository field.
734 info package.json parseuri@0.0.2 No README data
735 info package.json pause-stream@0.0.11 license should be a valid SPDX license expression
736 info package.json sequencify@0.0.7 No license field.
737 info package.json shellwords@0.1.0 No license field.
738 info package.json to-array@0.1.3 No license field.
739 info package.json xmlhttprequest@1.5.0 No license field.
740 info package.json almond@0.3.1 No license field.
741 info package.json after@0.8.1 No license field.
742 info package.json ansi@0.3.0 No license field.
743 info package.json ansi-wrap@0.1.0 license should be a valid SPDX license expression
744 info package.json arr-flatten@1.0.1 license should be a valid SPDX license expression
745 info package.json array-index@0.1.1 No license field.
746 info package.json array-unique@0.2.1 license should be a valid SPDX license expression
747 info package.json arraybuffer.slice@0.0.6 No license field.
748 info package.json asn1@0.1.11 No license field.
749 info package.json asap@1.0.0 No repository field.
750 info package.json asap@1.0.0 No license field.
751 info package.json assert-plus@0.1.5 No license field.
752 info package.json assert@1.3.0 assert is also the name of a node core module.
753 info package.json babel-plugin-syntax-flow@6.3.13 No description
754 info package.json babel-plugin-syntax-jsx@6.3.13 No description
755 info package.json babel-plugin-transform-regenerator@6.3.13 No repository field.
756 info package.json babel-plugin-transform-regenerator@6.3.13 license should be a valid SPDX license expression
757 info package.json babel-traverse@6.3.17 No description
758 info package.json babel-types@6.3.17 No description
759 info package.json base64-arraybuffer@0.1.2 No license field.
760 info package.json base64id@0.1.0 No license field.
761 info package.json batch@0.5.2 No license field.
762 info package.json better-assert@1.0.2 No license field.
763 info package.json benchmark@1.0.0 No license field.
764 info package.json blob@0.0.4 No license field.
765 info package.json browser-sync-client@2.4.1 No license field.
766 info package.json browser-sync-ui@0.5.16 No license field.
767 info package.json buffer@3.5.5 buffer is also the name of a node core module.
768 info package.json callsite@1.0.0 No repository field.
769 info package.json callsite@1.0.0 No license field.
770 info package.json bufferstreams@1.0.1 No license field.
771 info package.json cli@0.6.6 No license field.
772 info package.json cli-table@0.3.1 No license field.
773 info package.json commondir@0.0.1 license should be a valid SPDX license expression
774 info package.json component-emitter@1.1.2 No license field.
775 info package.json cli-usage@0.1.2 No repository field.
776 info package.json component-bind@1.0.0 No license field.
777 info package.json component-inherit@0.0.3 No license field.
778 info package.json config-chain@1.1.9 No license field.
779 info package.json console-browserify@1.1.0 No license field.
780 info package.json ctype@0.5.3 No license field.
781 info package.json date-now@0.1.4 No license field.
782 info package.json deprecated@0.0.1 No license field.
783 info package.json dev-ip@1.0.1 No license field.
784 info package.json domutils@1.5.1 No license field.
785 info package.json duplexer2@0.0.2 license should be a valid SPDX license expression
786 info package.json domelementtype@1.3.0 No license field.
787 info package.json domhandler@2.3.0 No license field.
788 info package.json easy-extender@2.3.2 No license field.
789 info package.json eazy-logger@2.1.2 No license field.
790 info package.json ends-with@0.2.0 No license field.
791 info package.json engine.io@1.5.4 No license field.
792 info package.json engine.io-client@1.5.4 No license field.
793 info package.json engine.io-parser@1.2.2 No license field.
794 info package.json entities@1.0.0 license should be a valid SPDX license expression
795 info package.json esutils@2.0.2 No license field.
796 info package.json events@1.0.2 events is also the name of a node core module.
797 info package.json events@1.0.2 No license field.
798 info package.json expand-range@1.8.1 license should be a valid SPDX license expression
799 info package.json express@2.5.11 No license field.
800 info package.json filename-regex@2.0.0 license should be a valid SPDX license expression
801 info package.json findup-sync@0.2.1 No license field.
802 info package.json flagged-respawn@0.3.1 No license field.
803 info package.json for-in@0.1.4 license should be a valid SPDX license expression
804 info package.json for-own@0.1.3 license should be a valid SPDX license expression
805 info package.json formidable@1.0.17 No license field.
806 info package.json function-bind@1.0.2 No license field.
807 info package.json gaze@0.5.2 No license field.
808 info package.json glob-base@0.3.0 license should be a valid SPDX license expression
809 info package.json glob-stream@3.1.18 No license field.
810 info package.json glob-watcher@0.0.6 No license field.
811 info package.json glob2base@0.0.12 No license field.
812 info package.json gulp-coffee@2.3.1 No license field.
813 info package.json gulp-if@1.2.5 No license field.
814 info package.json gulp-match@0.2.1 No license field.
815 info package.json gulp-notify@2.2.0 No license field.
816 info package.json gulp-rename@1.2.2 No license field.
817 info package.json has@1.0.1 No license field.
818 info package.json has-binary@0.1.6 No repository field.
819 info package.json has-binary-data@0.1.3 No repository field.
820 info package.json htmlescape@1.1.0 No license field.
821 info package.json indexof@0.0.1 No repository field.
822 info package.json indexof@0.0.1 No license field.
823 info package.json is-absolute@0.1.7 license should be a valid SPDX license expression
824 info package.json is-primitive@2.0.0 license should be a valid SPDX license expression
825 info package.json is-relative@0.1.3 No license field.
826 info package.json jquery@2.1.4 No license field.
827 info package.json jquery-mousewheel@3.1.13 No license field.
828 info package.json js-base64@2.1.9 license should be a valid SPDX license expression
829 info package.json jsesc@0.5.0 No license field.
830 info package.json json2xml@0.1.2 No license field.
831 info package.json json3@3.2.6 No license field.
832 info package.json jsonify@0.0.0 license should be a valid SPDX license expression
833 info package.json left-pad@0.0.3 license should be a valid SPDX license expression
834 info package.json limiter@1.1.0 No license field.
835 info package.json longest@1.0.1 license should be a valid SPDX license expression
836 info package.json map-stream@0.0.4 No license field.
837 info package.json mime@1.2.4 No license field.
838 info package.json mkdirp@0.3.0 license should be a valid SPDX license expression
839 info package.json ms@0.7.1 No license field.
840 info package.json moment@2.8.4 No license field.
841 info package.json options@0.0.6 No license field.
842 info package.json orchestrator@0.3.7 No license field.
843 info package.json os-shim@0.1.3 No license field.
844 info package.json pako@0.2.8 license should be a valid SPDX license expression
845 info package.json parse-filepath@0.5.0 No license field.
846 info package.json path@0.11.14 path is also the name of a node core module.
847 info package.json portscanner@1.0.0 No license field.
848 info package.json preserve@0.2.0 license should be a valid SPDX license expression
849 info package.json process@0.11.2 process is also the name of a node core module.
850 info package.json punycode@1.4.0 punycode is also the name of a node core module.
851 info package.json qs@0.4.2 No license field.
852 info package.json querystring@0.2.0 querystring is also the name of a node core module.
853 info package.json querystring@0.2.0 No license field.
854 info package.json querystring-es3@0.2.1 No license field.
855 info package.json rechoir@0.6.2 No license field.
856 info package.json regex-cache@0.4.2 license should be a valid SPDX license expression
857 info package.json regjsparser@0.1.5 license should be a valid SPDX license expression
858 info package.json repeat-element@1.1.2 license should be a valid SPDX license expression
859 info package.json repeat-string@1.5.2 license should be a valid SPDX license expression
860 info package.json replace-ext@0.0.1 No license field.
861 info package.json resp-modifier@5.0.2 No license field.
862 info package.json shelljs@0.3.0 license should be a valid SPDX license expression
863 info package.json sntp@1.0.9 No license field.
864 info package.json socket.io@1.3.7 No license field.
865 info package.json socket.io-adapter@0.3.1 No license field.
866 info package.json source-map-support@0.2.10 No license field.
867 info package.json node-uuid@1.4.7 No license field.
868 info package.json stream-array@1.1.1 license should be a valid SPDX license expression
869 info package.json string-to-js@0.0.1 No repository field.
870 info package.json string-to-js@0.0.1 No license field.
871 info package.json string_decoder@0.10.31 string_decoder is also the name of a node core module.
872 info package.json ternary-stream@1.2.3 No license field.
873 info package.json timers-browserify@1.4.2 No license field.
874 info package.json tooltipster@1.0.9 No license field.
875 info package.json ua-parser-js@0.7.10 No license field.
876 info package.json uglify-save-license@0.4.1 No license field.
877 info package.json unique-stream@1.0.0 license should be a valid SPDX license expression
878 info package.json url@0.10.3 url is also the name of a node core module.
879 info package.json util@0.10.3 util is also the name of a node core module.
880 info package.json utils-merge@1.0.0 No license field.
881 info package.json v8flags@2.0.10 No license field.
882 info package.json vinyl-bufferstream@1.0.1 No license field.
883 info package.json vinyl-fs@0.3.14 No license field.
884 info package.json weinre@2.0.0-pre-I0Z7U9OV No license field.
885 info package.json wordwrap@0.0.2 license should be a valid SPDX license expression
886 verbose readDependencies loading dependencies from /var/www/ikea/package.json
887 silly cache add args [ 'https://raw.githubusercontent.com/enyo/dropzone/master/dist/dropzone.js',
887 silly cache add   null ]
888 verbose cache add spec https://raw.githubusercontent.com/enyo/dropzone/master/dist/dropzone.js
889 silly cache add parsed spec Result {
889 silly cache add   raw: 'https://raw.githubusercontent.com/enyo/dropzone/master/dist/dropzone.js',
889 silly cache add   scope: null,
889 silly cache add   name: null,
889 silly cache add   rawSpec: 'https://raw.githubusercontent.com/enyo/dropzone/master/dist/dropzone.js',
889 silly cache add   spec: 'https://raw.githubusercontent.com/enyo/dropzone/master/dist/dropzone.js',
889 silly cache add   type: 'remote' }
890 silly mapToRegistry name https://raw.githubusercontent.com/enyo/dropzone/master/dist/dropzone.js
891 silly mapToRegistry using default registry
892 silly mapToRegistry registry https://registry.npmjs.org/
893 silly mapToRegistry uri https://raw.githubusercontent.com/enyo/dropzone/master/dist/dropzone.js
894 verbose addRemoteTarball https://raw.githubusercontent.com/enyo/dropzone/master/dist/dropzone.js not in flight; adding
895 verbose addRemoteTarball [ 'https://raw.githubusercontent.com/enyo/dropzone/master/dist/dropzone.js',
895 verbose addRemoteTarball   null ]
896 info retry fetch attempt 1 at 6:51:04 PM
897 info attempt registry request try #1 at 6:51:05 PM
898 http fetch GET https://raw.githubusercontent.com/enyo/dropzone/master/dist/dropzone.js
899 verbose request id b5f91d783e006f4d
900 http fetch 200 https://raw.githubusercontent.com/enyo/dropzone/master/dist/dropzone.js
901 silly fetchAndShaCheck shasum 3d6b8801002ab09be5f890513bf2738c4aa9809d
902 verbose addTmpTarball /tmp/npm-15661-20fe50b2/raw.githubusercontent.com/enyo/dropzone/master/dist/dropzone.js not in flight; adding
903 verbose correctMkdir /home/lukas/.npm correctMkdir not in flight; initializing
904 verbose addTmpTarball validating metadata from /tmp/npm-15661-20fe50b2/raw.githubusercontent.com/enyo/dropzone/master/dist/dropzone.js
905 verbose tar unpack /tmp/npm-15661-20fe50b2/raw.githubusercontent.com/enyo/dropzone/master/dist/dropzone.js
906 verbose tar unpacking to /tmp/npm-15661-20fe50b2/unpack-ae7274fe49f5
907 silly gentlyRm /tmp/npm-15661-20fe50b2/unpack-ae7274fe49f5 is being purged
908 verbose gentlyRm don't care about contents; nuking /tmp/npm-15661-20fe50b2/unpack-ae7274fe49f5
909 silly gunzTarPerm modes [ '775', '664' ]
910 error not a package /tmp/npm-15661-20fe50b2/raw.githubusercontent.com/enyo/dropzone/master/dist/dropzone.js
911 verbose stack Error: ENOENT: no such file or directory, open '/tmp/npm-15661-20fe50b2/unpack-ae7274fe49f5/package.json'
911 verbose stack     at Error (native)
912 verbose cwd /var/www/ikea
913 error Linux 3.19.0-56-generic
914 error argv "/usr/bin/nodejs" "/usr/bin/npm" "install" "https://raw.githubusercontent.com/enyo/dropzone/master/dist/dropzone.js" "--save"
915 error node v4.4.1
916 error npm  v2.14.20
917 error path /tmp/npm-15661-20fe50b2/unpack-ae7274fe49f5/package.json
918 error code ENOENT
919 error errno -2
920 error syscall open
921 error enoent ENOENT: no such file or directory, open '/tmp/npm-15661-20fe50b2/unpack-ae7274fe49f5/package.json'
921 error enoent This is most likely not a problem with npm itself
921 error enoent and is related to npm not being able to find a file.
922 verbose exit [ -2, true ]
